2024-02-24 18:13:15 -  - exec CUpdateClientPartner::SearchModulesEx
2024-02-24 18:13:15 -  - exec CUpdateClientPartner::__CollectRequestData
2024-02-24 18:13:15 -  - utf=Y&lang=ru&stable=Y&CANGZIP=Y&SUPD_DBS=MYSQL&XE=N&CLIENT_SITE=sites&LICENSE_KEY=X&SUPD_STS=1&SUPD_URS=1&TYPENC=D&CLIENT_PHPVER=8.2.15&NGINX=Y&dbv=8.0.36&instm=main%2C23.300.100%2CY%3Bbitrixcloud%2C22.100.0%2CN%3Bbitrix.sitecorporate%2C15.5.0%2CN%3Bfileman%2C22.300.0%2CN%3Bmessageservice%2C23.0.0%2CN%3Bui%2C22.1600.0%2CN%3Bhighloadblock%2C22.200.0%2CN%3Bsearch%2C22.100.0%2CN%3Bsocialservices%2C22.200.400%2CN%3Blanding%2C23.600.150%2CN%3Bb24connector%2C22.0.0%2CN%3Biblock%2C23.100.0%2CN%3Btranslate%2C23.200.0%2CN%3Blocation%2C23.0.0%2CN%3Brest%2C23.100.0%2CN%3Bclouds%2C23.0.0%2CN%3Bperfmon%2C21.0.0%2CN%3Bseo%2C23.200.0%2CN&search_module_id=&search_module=&search_category=7%2C14&search_type=&search_order=DESC&search_order_by=SORT&search_page=1&SUPD_SRS=RU&SUPD_CMP=N
2024-02-24 18:13:15 -  - exec CUpdateClientPartner::GetHTTPPage
2024-02-24 18:13:16 -  - TIME SearchModulesEx(request) 0.829 sec
2024-02-24 18:13:16 -  - exec CUpdateClientPartner::ParseServerData
2024-02-24 18:13:26 -  - exec CUpdateClientPartner::LoadModulesUpdates
2024-02-24 18:13:26 -  - exec CUpdateClientPartner::__CollectRequestData
2024-02-24 18:13:26 -  - utf=Y&lang=ru&stable=Y&CANGZIP=Y&SUPD_DBS=MYSQL&XE=N&CLIENT_SITE=sites&LICENSE_KEY=X&SUPD_STS=1&SUPD_URS=1&TYPENC=D&CLIENT_PHPVER=8.2.15&NGINX=Y&dbv=8.0.36&instm=main%2C23.300.100%2CY%3Bbitrixcloud%2C22.100.0%2CN%3Bbitrix.sitecorporate%2C15.5.0%2CN%3Bfileman%2C22.300.0%2CN%3Bmessageservice%2C23.0.0%2CN%3Bui%2C22.1600.0%2CN%3Bhighloadblock%2C22.200.0%2CN%3Bsearch%2C22.100.0%2CN%3Bsocialservices%2C22.200.400%2CN%3Blanding%2C23.600.150%2CN%3Bb24connector%2C22.0.0%2CN%3Biblock%2C23.100.0%2CN%3Btranslate%2C23.200.0%2CN%3Blocation%2C23.0.0%2CN%3Brest%2C23.100.0%2CN%3Bclouds%2C23.0.0%2CN%3Bperfmon%2C21.0.0%2CN%3Bseo%2C23.200.0%2CN&reqm=nsandrey.emptyinstall&lim=Y&SUPD_SRS=RU&SUPD_CMP=N
2024-02-24 18:13:26 -  - exec CUpdateClientPartner::GetHTTPPage
2024-02-24 18:13:26 -  - TIME LoadModulesUpdates(request) 0.359 sec
2024-02-24 18:13:26 -  - exec CUpdateClientPartner::ParseServerData
2024-02-24 18:13:26 - S - STEP
2024-02-24 18:13:26 - LM4W01 - loadModule4Wizard-Step
2024-02-24 18:13:26 -  - exec CUpdateClientPartner::LoadModulesUpdates
2024-02-24 18:13:26 -  - exec CUpdateClientPartner::ParseServerData
2024-02-24 18:13:26 -  - loadFile
2024-02-24 18:13:27 - U - RETURN
2024-02-24 18:13:27 -  - exec CUpdateClientPartner::UnGzipArchive
2024-02-24 18:13:27 -  - TIME UnGzipArchive 0.006 sec
2024-02-24 18:13:27 -  - TIME UpdateStepModules 0.002 sec
2024-02-24 18:13:27 -  - exec CUpdateClientPartner::LoadModulesUpdates
2024-02-24 18:13:27 -  - exec CUpdateClientPartner::__CollectRequestData
2024-02-24 18:13:27 -  - utf=Y&lang=ru&stable=Y&CANGZIP=Y&SUPD_DBS=MYSQL&XE=N&CLIENT_SITE=sites&LICENSE_KEY=X&SUPD_STS=1&SUPD_URS=1&TYPENC=D&CLIENT_PHPVER=8.2.15&NGINX=Y&dbv=8.0.36&instm=main%2C23.300.100%2CY%3Bbitrixcloud%2C22.100.0%2CN%3Bbitrix.sitecorporate%2C15.5.0%2CN%3Bfileman%2C22.300.0%2CN%3Bmessageservice%2C23.0.0%2CN%3Bui%2C22.1600.0%2CN%3Bhighloadblock%2C22.200.0%2CN%3Bsearch%2C22.100.0%2CN%3Bsocialservices%2C22.200.400%2CN%3Blanding%2C23.600.150%2CN%3Bb24connector%2C22.0.0%2CN%3Biblock%2C23.100.0%2CN%3Btranslate%2C23.200.0%2CN%3Blocation%2C23.0.0%2CN%3Brest%2C23.100.0%2CN%3Bclouds%2C23.0.0%2CN%3Bperfmon%2C21.0.0%2CN%3Bseo%2C23.200.0%2CN%3Bnsandrey.emptyinstall%2C1.0.5%2CN&reqm=nsandrey.emptyinstall&lim=Y&SUPD_SRS=RU&SUPD_CMP=N
2024-02-24 18:13:27 -  - exec CUpdateClientPartner::GetHTTPPage
2024-02-24 18:13:27 -  - TIME LoadModulesUpdates(request) 0.378 sec
2024-02-24 18:13:27 -  - exec CUpdateClientPartner::ParseServerData
2024-02-24 18:13:27 - STEP - Finish - NOUPDATES
2024-02-24 18:13:27 - LM4W03 - Finish - NOUPDATES
2024-02-24 18:29:20 -  - exec CUpdateClientPartner::__CollectRequestData
2024-02-24 18:29:20 -  - exec CUpdateClientPartner::GetHTTPPage
2024-02-24 18:29:20 -  - exec CUpdateClientPartner::ParseServerData
2024-02-24 18:29:20 -  - exec CUpdateClientPartner::GetUpdatesList
2024-02-24 18:29:20 -  - exec CUpdateClientPartner::__CollectRequestData
2024-02-24 18:29:20 -  - utf=Y&lang=ru&stable=Y&CANGZIP=Y&SUPD_DBS=MYSQL&XE=N&CLIENT_SITE=sites&LICENSE_KEY=X&SUPD_STS=1&SUPD_URS=1&TYPENC=D&CLIENT_PHPVER=8.2.15&NGINX=Y&dbv=8.0.36&instm=main%2C23.300.100%2CY%3Bbitrixcloud%2C22.100.0%2CN%3Bbitrix.sitecorporate%2C15.5.0%2CN%3Bfileman%2C22.300.0%2CN%3Bmessageservice%2C23.0.0%2CN%3Bui%2C22.1600.0%2CN%3Bhighloadblock%2C22.200.0%2CN%3Bsearch%2C22.100.0%2CN%3Bsocialservices%2C22.200.400%2CN%3Blanding%2C23.600.150%2CN%3Bb24connector%2C22.0.0%2CN%3Biblock%2C23.100.0%2CN%3Btranslate%2C23.200.0%2CN%3Blocation%2C23.0.0%2CN%3Brest%2C23.100.0%2CN%3Bclouds%2C23.0.0%2CN%3Bperfmon%2C21.0.0%2CN%3Bseo%2C23.200.0%2CN%3Bnsandrey.emptyinstall%2C1.0.5%2CN&reqm=bitrix.sitecorporate%2Cnsandrey.emptyinstall&fullmoduleinfo=Y&SUPD_SRS=RU&SUPD_CMP=N
2024-02-24 18:29:20 -  - exec CUpdateClientPartner::GetHTTPPage
2024-02-24 18:29:20 -  - TIME GetUpdatesList(request) 0.322 sec
2024-02-24 18:29:20 -  - exec CUpdateClientPartner::ParseServerData
2024-02-24 18:29:20 -  - exec CUpdateClientPartner::__CollectRequestData
2024-02-24 18:29:20 -  - exec CUpdateClientPartner::GetHTTPPage
2024-02-24 18:29:21 -  - exec CUpdateClientPartner::ParseServerData
