2024-Feb-27 08:07:51 Наличие необходимых модулей php (check_php_modules): Ok
Все необходимые модули установлены
2024-Feb-27 08:07:51 Обязательные параметры PHP (check_php_settings): Ok
Настройки правильные
2024-Feb-27 08:07:51 Модули веб-сервера (check_security): Ok
Конфликтов не выявлено
2024-Feb-27 08:07:51 Значения переменных сервера (check_server_vars): Ok
Корректные
2024-Feb-27 08:07:51 Сохранение сессии (check_session): Ok
50% done
2024-Feb-27 08:07:51 Сохранение сессии (check_session): Ok
Успешно
2024-Feb-27 08:07:51 Параметры настройки UTF (mbstring и константа BX_UTF) (check_mbstring): Ok
Правильные. Сайт работает в UTF кодировке
2024-Feb-27 08:07:51 Служебные скрипты в корне сайта (check_install_scripts): Ok
Отсутствуют
2024-Feb-27 08:07:51 Работа с сокетами (check_socket): Ok
Connection to bitrix1c-start.loc:80	Success

Успешно
2024-Feb-27 08:07:51 Выполнение агентов на cron (check_bx_crontab): Warning
Замечание. Агенты выполняются на хитах, рекомендуется перевести выполнение агентов на cron
2024-Feb-27 08:07:51 Параметры подключения к базе данных (check_dbconn_settings): Ok
Успешно
2024-Feb-27 08:07:51 Лишний вывод в файлах конфигурации (check_dbconn): Ok
Connection to bitrix1c-start.loc:80	Success

Успешно
2024-Feb-27 08:07:51 Сохранение сессии без UserAgent (check_session_ua): Ok
50% done
Connection to bitrix1c-start.loc:80	Success

2024-Feb-27 08:07:51 Сохранение сессии без UserAgent (check_session_ua): Ok
Connection to bitrix1c-start.loc:80	Success

Успешно
2024-Feb-27 08:07:51 Настройки сайтов (check_sites): Ok
Правильные
2024-Feb-27 08:07:51 Размер стека и pcre.recursion_limit (check_pcre_recursion): Ok
Connection to bitrix1c-start.loc:80	Success

Успешно
2024-Feb-27 08:07:51 Загрузка файла (check_upload): Ok
Connection to bitrix1c-start.loc:80	Success

Успешно
2024-Feb-27 08:07:51 Загрузка файла больше 4Мб (check_upload_big): Ok
Connection to bitrix1c-start.loc:80	Success

Успешно
2024-Feb-27 08:07:51 Загрузка файла через php://input (check_upload_raw): Ok
Connection to bitrix1c-start.loc:80	Success

Успешно
2024-Feb-27 08:07:51 Передача POST запроса с большим числом параметров (check_post): Ok
Connection to bitrix1c-start.loc:80	Success

Успешно
2024-Feb-27 08:07:51 Отправка почты (check_mail): Fail
Ошибка! Не работает
2024-Feb-27 08:07:51 Отправка почтового сообщения больше 64Кб (check_mail_big): Fail
Ошибка! Не работает
2024-Feb-27 08:07:51 Проверка на наличие неотправленных сообщений (check_mail_b_event): Ok
Успешно
2024-Feb-27 08:07:51 Внутреннее перенаправление (функция LocalRedirect) (check_localredirect): Ok
50% done
Connection to bitrix1c-start.loc:80	Success

2024-Feb-27 08:07:51 Внутреннее перенаправление (функция LocalRedirect) (check_localredirect): Ok
Connection to bitrix1c-start.loc:80	Success

Успешно
2024-Feb-27 08:07:51 Фактическое ограничение памяти (check_memory_limit): Ok
20% done
Connection to bitrix1c-start.loc:80	Success

2024-Feb-27 08:07:51 Фактическое ограничение памяти (check_memory_limit): Ok
40% done
Connection to bitrix1c-start.loc:80	Success

2024-Feb-27 08:07:51 Фактическое ограничение памяти (check_memory_limit): Ok
60% done
Connection to bitrix1c-start.loc:80	Success

2024-Feb-27 08:07:51 Фактическое ограничение памяти (check_memory_limit): Ok
80% done
Connection to bitrix1c-start.loc:80	Success

2024-Feb-27 08:07:51 Фактическое ограничение памяти (check_memory_limit): Ok
Connection to bitrix1c-start.loc:80	Success

Не менее 256 М
2024-Feb-27 08:07:51 Работа с файлами кеша (check_cache): Ok
Успешно
2024-Feb-27 08:07:51 Доступ к серверу обновлений (check_update): Ok
Успешно
2024-Feb-27 08:07:51 HTTP авторизация (check_http_auth): Ok
Connection to bitrix1c-start.loc:80	Success

Успешно
2024-Feb-27 08:07:51 Создание и запуск файла (check_exec): Ok
Connection to bitrix1c-start.loc:80	Success

Успешно
2024-Feb-27 08:07:51 Функция getimagesize для swf (check_getimagesize): Ok
Успешно
2024-Feb-27 08:07:51 Версия MySQL-сервера (check_mysql_bug_version): Ok
Успешно
2024-Feb-27 08:07:52 Время на БД и веб-сервере (check_mysql_time): Ok
Успешно
2024-Feb-27 08:07:52 Режим работы MySQL (check_mysql_mode): Ok
Успешно
2024-Feb-27 08:07:52 Кодировка соединения (check_mysql_connection_charset): Ok
character_set_connection=utf8mb3, collation_connection=utf8mb3_unicode_ci, character_set_results=utf8mb3
Успешно
2024-Feb-27 08:07:52 Кодировка базы данных (check_mysql_db_charset): Ok
CHARSET=utf8mb3, COLLATION=utf8mb3_unicode_ci
Успешно
2024-Feb-27 08:07:52 Формат хранения таблиц в БД (check_mysql_table_format): Ok
Успешно
2024-Feb-27 08:07:52 Кодировки таблиц в БД (check_mysql_table_charset): Ok
Успешно
2024-Feb-27 08:07:52 Структура базы данных (check_mysql_table_structure): Ok
0% done
2024-Feb-27 08:07:54 Структура базы данных (check_mysql_table_structure): Ok
5% done
2024-Feb-27 08:07:54 Структура базы данных (check_mysql_table_structure): Ok
11% done
2024-Feb-27 08:07:54 Структура базы данных (check_mysql_table_structure): Ok
16% done
2024-Feb-27 08:07:55 Структура базы данных (check_mysql_table_structure): Ok
22% done
2024-Feb-27 08:07:55 Структура базы данных (check_mysql_table_structure): Ok
27% done
2024-Feb-27 08:07:55 Структура базы данных (check_mysql_table_structure): Ok
33% done
2024-Feb-27 08:07:55 Структура базы данных (check_mysql_table_structure): Ok
38% done
2024-Feb-27 08:07:56 Структура базы данных (check_mysql_table_structure): Ok
44% done
2024-Feb-27 08:07:56 Структура базы данных (check_mysql_table_structure): Ok
50% done
2024-Feb-27 08:07:56 Структура базы данных (check_mysql_table_structure): Ok
55% done
2024-Feb-27 08:07:57 Структура базы данных (check_mysql_table_structure): Ok
61% done
2024-Feb-27 08:07:57 Структура базы данных (check_mysql_table_structure): Ok
66% done
2024-Feb-27 08:07:57 Структура базы данных (check_mysql_table_structure): Ok
72% done
2024-Feb-27 08:07:57 Структура базы данных (check_mysql_table_structure): Ok
77% done
2024-Feb-27 08:07:58 Структура базы данных (check_mysql_table_structure): Ok
83% done
2024-Feb-27 08:07:58 Структура базы данных (check_mysql_table_structure): Ok
88% done
2024-Feb-27 08:07:58 Структура базы данных (check_mysql_table_structure): Ok
94% done
2024-Feb-27 08:07:58 Структура базы данных (check_mysql_table_structure): Ok
Успешно
